# JRE version: Java(TM) SE Runtime Environment (8.0_191-b12) (build 1.8.0_191-b12)
# Java VM: Java HotSpot(TM) Client VM (25.191-b12 mixed mode windows-x86 )
Heap:
 def new generation   total 76480K, used 6998K [0x05000000, 0x0a2f0000, 0x0faa0000)
  eden space 68032K,  10% used [0x05000000, 0x056d5ba0, 0x09270000)
  from space 8448K,   0% used [0x09270000, 0x09270000, 0x09ab0000)
  to   space 8448K,   0% used [0x09ab0000, 0x09ab0000, 0x0a2f0000)
 tenured generation   total 169776K, used 126596K [0x0faa0000, 0x1a06c000, 0x25000000)
   the space 169776K,  74% used [0x0faa0000, 0x176413e0, 0x17641400, 0x1a06c000)
 Metaspace       used 20201K, capacity 20696K, committed 20696K, reserved 23936K
GC Heap History (10 events):
Event: 2.853 GC heap after
Heap after GC invocations=5 (full 0):
 def new generation   total 39296K, used 4351K [0x05000000, 0x07aa0000, 0x0faa0000)
  eden space 34944K,   0% used [0x05000000, 0x05000000, 0x07220000)
  from space 4352K,  99% used [0x07660000, 0x07a9fff8, 0x07aa0000)
  to   space 4352K,   0% used [0x07220000, 0x07220000, 0x07660000)
 tenured generation   total 87424K, used 87017K [0x0faa0000, 0x15000000, 0x25000000)
   the space 87424K,  99% used [0x0faa0000, 0x14f9a610, 0x14f9a800, 0x15000000)
 Metaspace       used 11143K, capacity 11359K, committed 11392K, reserved 11648K
}
Event: 3.386 GC heap before
{Heap before GC invocations=5 (full 0):
 def new generation   total 39296K, used 39295K [0x05000000, 0x07aa0000, 0x0faa0000)
  eden space 34944K, 100% used [0x05000000, 0x07220000, 0x07220000)
  from space 4352K,  99% used [0x07660000, 0x07a9fff8, 0x07aa0000)
  to   space 4352K,   0% used [0x07220000, 0x07220000, 0x07660000)
 tenured generation   total 87424K, used 87017K [0x0faa0000, 0x15000000, 0x25000000)
   the space 87424K,  99% used [0x0faa0000, 0x14f9a610, 0x14f9a800, 0x15000000)
 Metaspace       used 11734K, capacity 12001K, committed 12032K, reserved 12672K
Event: 3.625 GC heap after
Heap after GC invocations=6 (full 1):
 def new generation   total 76480K, used 4314K [0x05000000, 0x0a2f0000, 0x0faa0000)
  eden space 68032K,   6% used [0x05000000, 0x054369b8, 0x09270000)
  from space 8448K,   0% used [0x09270000, 0x09270000, 0x09ab0000)
  to   space 8448K,   0% used [0x09ab0000, 0x09ab0000, 0x0a2f0000)
 tenured generation   total 169776K, used 101863K [0x0faa0000, 0x1a06c000, 0x25000000)
   the space 169776K,  59% used [0x0faa0000, 0x15e19e40, 0x15e1a000, 0x1a06c000)
 Metaspace       used 11734K, capacity 12001K, committed 12032K, reserved 12672K
}
Event: 6.272 GC heap before
{Heap before GC invocations=6 (full 1):
 def new generation   total 76480K, used 68032K [0x05000000, 0x0a2f0000, 0x0faa0000)
  eden space 68032K, 100% used [0x05000000, 0x09270000, 0x09270000)
  from space 8448K,   0% used [0x09270000, 0x09270000, 0x09ab0000)
  to   space 8448K,   0% used [0x09ab0000, 0x09ab0000, 0x0a2f0000)
 tenured generation   total 169776K, used 101863K [0x0faa0000, 0x1a06c000, 0x25000000)
   the space 169776K,  59% used [0x0faa0000, 0x15e19e40, 0x15e1a000, 0x1a06c000)
 Metaspace       used 12152K, capacity 12410K, committed 12416K, reserved 12672K
Event: 6.335 GC heap after
Heap after GC invocations=7 (full 1):
 def new generation   total 76480K, used 7252K [0x05000000, 0x0a2f0000, 0x0faa0000)
  eden space 68032K,   0% used [0x05000000, 0x05000000, 0x09270000)
  from space 8448K,  85% used [0x09ab0000, 0x0a1c52d0, 0x0a2f0000)
  to   space 8448K,   0% used [0x09270000, 0x09270000, 0x09ab0000)
 tenured generation   total 169776K, used 101864K [0x0faa0000, 0x1a06c000, 0x25000000)
   the space 169776K,  59% used [0x0faa0000, 0x15e1a110, 0x15e1a200, 0x1a06c000)
 Metaspace       used 12152K, capacity 12410K, committed 12416K, reserved 12672K
}
Event: 9.856 GC heap before
{Heap before GC invocations=7 (full 1):
 def new generation   total 76480K, used 75284K [0x05000000, 0x0a2f0000, 0x0faa0000)
  eden space 68032K, 100% used [0x05000000, 0x09270000, 0x09270000)
  from space 8448K,  85% used [0x09ab0000, 0x0a1c52d0, 0x0a2f0000)
  to   space 8448K,   0% used [0x09270000, 0x09270000, 0x09ab0000)
 tenured generation   total 169776K, used 101864K [0x0faa0000, 0x1a06c000, 0x25000000)
   the space 169776K,  59% used [0x0faa0000, 0x15e1a110, 0x15e1a200, 0x1a06c000)
 Metaspace       used 16813K, capacity 17199K, committed 17280K, reserved 17792K
Event: 9.951 GC heap after
Heap after GC invocations=8 (full 1):
 def new generation   total 76480K, used 8446K [0x05000000, 0x0a2f0000, 0x0faa0000)
  eden space 68032K,   0% used [0x05000000, 0x05000000, 0x09270000)
  from space 8448K,  99% used [0x09270000, 0x09aaf840, 0x09ab0000)
  to   space 8448K,   0% used [0x09ab0000, 0x09ab0000, 0x0a2f0000)
 tenured generation   total 169776K, used 108161K [0x0faa0000, 0x1a06c000, 0x25000000)
   the space 169776K,  63% used [0x0faa0000, 0x164404e8, 0x16440600, 0x1a06c000)
 Metaspace       used 16813K, capacity 17199K, committed 17280K, reserved 17792K
}
Event: 70.485 GC heap before
{Heap before GC invocations=8 (full 1):
 def new generation   total 76480K, used 49194K [0x05000000, 0x0a2f0000, 0x0faa0000)
  eden space 68032K,  59% used [0x05000000, 0x077cb0c8, 0x09270000)
  from space 8448K,  99% used [0x09270000, 0x09aaf840, 0x09ab0000)
  to   space 8448K,   0% used [0x09ab0000, 0x09ab0000, 0x0a2f0000)
 tenured generation   total 169776K, used 108161K [0x0faa0000, 0x1a06c000, 0x25000000)
   the space 169776K,  63% used [0x0faa0000, 0x164404e8, 0x16440600, 0x1a06c000)
 Metaspace       used 19537K, capacity 20006K, committed 20056K, reserved 21888K
Event: 70.612 GC heap after
Heap after GC invocations=9 (full 2):
 def new generation   total 76480K, used 0K [0x05000000, 0x0a2f0000, 0x0faa0000)
  eden space 68032K,   0% used [0x05000000, 0x05000000, 0x09270000)
  from space 8448K,   0% used [0x09270000, 0x09270000, 0x09ab0000)
  to   space 8448K,   0% used [0x09ab0000, 0x09ab0000, 0x0a2f0000)
 tenured generation   total 169776K, used 126596K [0x0faa0000, 0x1a06c000, 0x25000000)
   the space 169776K,  74% used [0x0faa0000, 0x176413e0, 0x17641400, 0x1a06c000)
 Metaspace       used 19537K, capacity 20006K, committed 20056K, reserved 21888K
}
Event: 73.285 GC heap before
{Heap before GC invocations=9 (full 2):
 def new generation   total 76480K, used 6998K [0x05000000, 0x0a2f0000, 0x0faa0000)
  eden space 68032K,  10% used [0x05000000, 0x056d5ba0, 0x09270000)
  from space 8448K,   0% used [0x09270000, 0x09270000, 0x09ab0000)
  to   space 8448K,   0% used [0x09ab0000, 0x09ab0000, 0x0a2f0000)
 tenured generation   total 169776K, used 126596K [0x0faa0000, 0x1a06c000, 0x25000000)
   the space 169776K,  74% used [0x0faa0000, 0x176413e0, 0x17641400, 0x1a06c000)
 Metaspace       used 20201K, capacity 20696K, committed 20696K, reserved 23936K

